ARM GAS  C:\Users\clay0\AppData\Local\Temp\ccN2srVj.s 			page 1


   1              		.cpu cortex-m4
   2              		.arch armv7e-m
   3              		.fpu fpv4-sp-d16
   4              		.eabi_attribute 27, 1
   5              		.eabi_attribute 28, 1
   6              		.eabi_attribute 20, 1
   7              		.eabi_attribute 21, 1
   8              		.eabi_attribute 23, 3
   9              		.eabi_attribute 24, 1
  10              		.eabi_attribute 25, 1
  11              		.eabi_attribute 26, 1
  12              		.eabi_attribute 30, 1
  13              		.eabi_attribute 34, 1
  14              		.eabi_attribute 18, 4
  15              		.file	"main.c"
  16              		.text
  17              		.align	1
  18              		.global	main
  19              		.syntax unified
  20              		.thumb
  21              		.thumb_func
  23              	main:
  24              		@ Volatile: function does not return.
  25              		@ args = 0, pretend = 0, frame = 8
  26              		@ frame_needed = 0, uses_anonymous_args = 0
  27              		@ link register save eliminated.
  28 0000 82B0     		sub	sp, sp, #8
  29 0002 0D4A     		ldr	r2, .L6
  30 0004 136B     		ldr	r3, [r2, #48]
  31 0006 43F00103 		orr	r3, r3, #1
  32 000a 1363     		str	r3, [r2, #48]
  33 000c A2F54052 		sub	r2, r2, #12288
  34 0010 1368     		ldr	r3, [r2]
  35 0012 43F48063 		orr	r3, r3, #1024
  36 0016 1360     		str	r3, [r2]
  37              	.L4:
  38 0018 084A     		ldr	r2, .L6+4
  39 001a 5369     		ldr	r3, [r2, #20]
  40 001c 83F02003 		eor	r3, r3, #32
  41 0020 5361     		str	r3, [r2, #20]
  42 0022 0023     		movs	r3, #0
  43 0024 0193     		str	r3, [sp, #4]
  44              	.L2:
  45 0026 019A     		ldr	r2, [sp, #4]
  46 0028 054B     		ldr	r3, .L6+8
  47 002a 9A42     		cmp	r2, r3
  48 002c F4DC     		bgt	.L4
  49 002e 019B     		ldr	r3, [sp, #4]
  50 0030 0133     		adds	r3, r3, #1
  51 0032 0193     		str	r3, [sp, #4]
  52 0034 F7E7     		b	.L2
  53              	.L7:
  54 0036 00BF     		.align	2
  55              	.L6:
  56 0038 00380240 		.word	1073887232
  57 003c 00080240 		.word	1073874944
  58 0040 9F860100 		.word	99999
ARM GAS  C:\Users\clay0\AppData\Local\Temp\ccN2srVj.s 			page 2


  60              		.ident	"GCC: (GNU Arm Embedded Toolchain 10.3-2021.10) 10.3.1 20210824 (release)"
ARM GAS  C:\Users\clay0\AppData\Local\Temp\ccN2srVj.s 			page 3


DEFINED SYMBOLS
                            *ABS*:00000000 main.c
C:\Users\clay0\AppData\Local\Temp\ccN2srVj.s:17     .text:00000000 $t
C:\Users\clay0\AppData\Local\Temp\ccN2srVj.s:23     .text:00000000 main
C:\Users\clay0\AppData\Local\Temp\ccN2srVj.s:56     .text:00000038 $d

NO UNDEFINED SYMBOLS
