ARM GAS  C:\Users\clay0\AppData\Local\Temp\ccQzdYqd.s 			page 1


   1              		.cpu cortex-m4
   2              		.arch armv7e-m
   3              		.fpu fpv4-sp-d16
   4              		.eabi_attribute 27, 1
   5              		.eabi_attribute 28, 1
   6              		.eabi_attribute 20, 1
   7              		.eabi_attribute 21, 1
   8              		.eabi_attribute 23, 3
   9              		.eabi_attribute 24, 1
  10              		.eabi_attribute 25, 1
  11              		.eabi_attribute 26, 1
  12              		.eabi_attribute 30, 6
  13              		.eabi_attribute 34, 1
  14              		.eabi_attribute 18, 4
  15              		.file	"w5500_run.c"
  16              		.text
  17              	.Ltext0:
  18              		.cfi_sections	.debug_frame
  19              		.section	.rodata
  20              		.align	2
  21              	.LC0:
  22 0000 0008DCAB 		.ascii	"\000\010\334\253\315\357"
  22      CDEF
  23              		.section	.text.w5500_network_init,"ax",%progbits
  24              		.align	1
  25              		.global	w5500_network_init
  26              		.syntax unified
  27              		.thumb
  28              		.thumb_func
  30              	w5500_network_init:
  31              	.LFB135:
  32              		.file 1 "Core/w5500_run.c"
   1:Core/w5500_run.c **** #include "main.h"
   2:Core/w5500_run.c **** #include "w5500_run.h"
   3:Core/w5500_run.c **** 
   4:Core/w5500_run.c **** void w5500_network_init(void)
   5:Core/w5500_run.c **** {
  33              		.loc 1 5 1
  34              		.cfi_startproc
  35              		@ args = 0, pretend = 0, frame = 48
  36              		@ frame_needed = 1, uses_anonymous_args = 0
  37 0000 90B5     		push	{r4, r7, lr}
  38              	.LCFI0:
  39              		.cfi_def_cfa_offset 12
  40              		.cfi_offset 4, -12
  41              		.cfi_offset 7, -8
  42              		.cfi_offset 14, -4
  43 0002 8FB0     		sub	sp, sp, #60
  44              	.LCFI1:
  45              		.cfi_def_cfa_offset 72
  46 0004 02AF     		add	r7, sp, #8
  47              	.LCFI2:
  48              		.cfi_def_cfa 7, 64
   6:Core/w5500_run.c ****     uint8_t mac[6] = {0x00, 0x08, 0xDC, 0xAB, 0xCD, 0xEF}; // Уникальный MAC
  49              		.loc 1 6 13
  50 0006 384A     		ldr	r2, .L2
  51 0008 07F12803 		add	r3, r7, #40
ARM GAS  C:\Users\clay0\AppData\Local\Temp\ccQzdYqd.s 			page 2


  52 000c 92E80300 		ldm	r2, {r0, r1}
  53 0010 1860     		str	r0, [r3]
  54 0012 0433     		adds	r3, r3, #4
  55 0014 1980     		strh	r1, [r3]	@ movhi
   7:Core/w5500_run.c ****     uint8_t ip[4] = {192, 168, 1, 100};                    // Статический IP
  56              		.loc 1 7 13
  57 0016 354B     		ldr	r3, .L2+4
  58 0018 7B62     		str	r3, [r7, #36]
   8:Core/w5500_run.c ****     uint8_t subnet[4] = {255, 255, 255, 0};
  59              		.loc 1 8 13
  60 001a 6FF07F43 		mvn	r3, #-16777216
  61 001e 3B62     		str	r3, [r7, #32]
   9:Core/w5500_run.c ****     uint8_t gateway[4] = {192, 168, 1, 1};
  62              		.loc 1 9 13
  63 0020 334B     		ldr	r3, .L2+8
  64 0022 FB61     		str	r3, [r7, #28]
  10:Core/w5500_run.c ****     uint8_t dns[4] = {8, 8, 8, 8};
  65              		.loc 1 10 13
  66 0024 4FF00833 		mov	r3, #134744072
  67 0028 BB61     		str	r3, [r7, #24]
  11:Core/w5500_run.c **** 
  12:Core/w5500_run.c ****     w5500_init();
  68              		.loc 1 12 5
  69 002a FFF7FEFF 		bl	w5500_init
  13:Core/w5500_run.c ****     // ext_init();
  14:Core/w5500_run.c ****     wiz_NetInfo netInfo = {
  70              		.loc 1 14 17
  71 002e 3B46     		mov	r3, r7
  72 0030 0022     		movs	r2, #0
  73 0032 1A60     		str	r2, [r3]
  74 0034 5A60     		str	r2, [r3, #4]
  75 0036 9A60     		str	r2, [r3, #8]
  76 0038 DA60     		str	r2, [r3, #12]
  77 003a 1A61     		str	r2, [r3, #16]
  78 003c C3F81320 		str	r2, [r3, #19]	@ unaligned
  15:Core/w5500_run.c ****         .mac = {mac[0], mac[1], mac[2], mac[3], mac[4], mac[5]},
  79              		.loc 1 15 20
  80 0040 97F82830 		ldrb	r3, [r7, #40]	@ zero_extendqisi2
  14:Core/w5500_run.c ****         .mac = {mac[0], mac[1], mac[2], mac[3], mac[4], mac[5]},
  81              		.loc 1 14 17
  82 0044 3B70     		strb	r3, [r7]
  83              		.loc 1 15 28
  84 0046 97F82930 		ldrb	r3, [r7, #41]	@ zero_extendqisi2
  14:Core/w5500_run.c ****         .mac = {mac[0], mac[1], mac[2], mac[3], mac[4], mac[5]},
  85              		.loc 1 14 17
  86 004a 7B70     		strb	r3, [r7, #1]
  87              		.loc 1 15 36
  88 004c 97F82A30 		ldrb	r3, [r7, #42]	@ zero_extendqisi2
  14:Core/w5500_run.c ****         .mac = {mac[0], mac[1], mac[2], mac[3], mac[4], mac[5]},
  89              		.loc 1 14 17
  90 0050 BB70     		strb	r3, [r7, #2]
  91              		.loc 1 15 44
  92 0052 97F82B30 		ldrb	r3, [r7, #43]	@ zero_extendqisi2
  14:Core/w5500_run.c ****         .mac = {mac[0], mac[1], mac[2], mac[3], mac[4], mac[5]},
  93              		.loc 1 14 17
  94 0056 FB70     		strb	r3, [r7, #3]
  95              		.loc 1 15 52
ARM GAS  C:\Users\clay0\AppData\Local\Temp\ccQzdYqd.s 			page 3


  96 0058 97F82C30 		ldrb	r3, [r7, #44]	@ zero_extendqisi2
  14:Core/w5500_run.c ****         .mac = {mac[0], mac[1], mac[2], mac[3], mac[4], mac[5]},
  97              		.loc 1 14 17
  98 005c 3B71     		strb	r3, [r7, #4]
  99              		.loc 1 15 60
 100 005e 97F82D30 		ldrb	r3, [r7, #45]	@ zero_extendqisi2
  14:Core/w5500_run.c ****         .mac = {mac[0], mac[1], mac[2], mac[3], mac[4], mac[5]},
 101              		.loc 1 14 17
 102 0062 7B71     		strb	r3, [r7, #5]
  16:Core/w5500_run.c ****         .ip = {ip[0], ip[1], ip[2], ip[3]},
 103              		.loc 1 16 18
 104 0064 97F82430 		ldrb	r3, [r7, #36]	@ zero_extendqisi2
  14:Core/w5500_run.c ****         .mac = {mac[0], mac[1], mac[2], mac[3], mac[4], mac[5]},
 105              		.loc 1 14 17
 106 0068 BB71     		strb	r3, [r7, #6]
 107              		.loc 1 16 25
 108 006a 97F82530 		ldrb	r3, [r7, #37]	@ zero_extendqisi2
  14:Core/w5500_run.c ****         .mac = {mac[0], mac[1], mac[2], mac[3], mac[4], mac[5]},
 109              		.loc 1 14 17
 110 006e FB71     		strb	r3, [r7, #7]
 111              		.loc 1 16 32
 112 0070 97F82630 		ldrb	r3, [r7, #38]	@ zero_extendqisi2
  14:Core/w5500_run.c ****         .mac = {mac[0], mac[1], mac[2], mac[3], mac[4], mac[5]},
 113              		.loc 1 14 17
 114 0074 3B72     		strb	r3, [r7, #8]
 115              		.loc 1 16 39
 116 0076 97F82730 		ldrb	r3, [r7, #39]	@ zero_extendqisi2
  14:Core/w5500_run.c ****         .mac = {mac[0], mac[1], mac[2], mac[3], mac[4], mac[5]},
 117              		.loc 1 14 17
 118 007a 7B72     		strb	r3, [r7, #9]
  17:Core/w5500_run.c ****         .sn = {subnet[0], subnet[1], subnet[2], subnet[3]},
 119              		.loc 1 17 22
 120 007c 97F82030 		ldrb	r3, [r7, #32]	@ zero_extendqisi2
  14:Core/w5500_run.c ****         .mac = {mac[0], mac[1], mac[2], mac[3], mac[4], mac[5]},
 121              		.loc 1 14 17
 122 0080 BB72     		strb	r3, [r7, #10]
 123              		.loc 1 17 33
 124 0082 97F82130 		ldrb	r3, [r7, #33]	@ zero_extendqisi2
  14:Core/w5500_run.c ****         .mac = {mac[0], mac[1], mac[2], mac[3], mac[4], mac[5]},
 125              		.loc 1 14 17
 126 0086 FB72     		strb	r3, [r7, #11]
 127              		.loc 1 17 44
 128 0088 97F82230 		ldrb	r3, [r7, #34]	@ zero_extendqisi2
  14:Core/w5500_run.c ****         .mac = {mac[0], mac[1], mac[2], mac[3], mac[4], mac[5]},
 129              		.loc 1 14 17
 130 008c 3B73     		strb	r3, [r7, #12]
 131              		.loc 1 17 55
 132 008e 97F82330 		ldrb	r3, [r7, #35]	@ zero_extendqisi2
  14:Core/w5500_run.c ****         .mac = {mac[0], mac[1], mac[2], mac[3], mac[4], mac[5]},
 133              		.loc 1 14 17
 134 0092 7B73     		strb	r3, [r7, #13]
  18:Core/w5500_run.c ****         .gw = {gateway[0], gateway[1], gateway[2], gateway[3]},
 135              		.loc 1 18 23
 136 0094 3B7F     		ldrb	r3, [r7, #28]	@ zero_extendqisi2
  14:Core/w5500_run.c ****         .mac = {mac[0], mac[1], mac[2], mac[3], mac[4], mac[5]},
 137              		.loc 1 14 17
 138 0096 BB73     		strb	r3, [r7, #14]
ARM GAS  C:\Users\clay0\AppData\Local\Temp\ccQzdYqd.s 			page 4


 139              		.loc 1 18 35
 140 0098 7B7F     		ldrb	r3, [r7, #29]	@ zero_extendqisi2
  14:Core/w5500_run.c ****         .mac = {mac[0], mac[1], mac[2], mac[3], mac[4], mac[5]},
 141              		.loc 1 14 17
 142 009a FB73     		strb	r3, [r7, #15]
 143              		.loc 1 18 47
 144 009c BB7F     		ldrb	r3, [r7, #30]	@ zero_extendqisi2
  14:Core/w5500_run.c ****         .mac = {mac[0], mac[1], mac[2], mac[3], mac[4], mac[5]},
 145              		.loc 1 14 17
 146 009e 3B74     		strb	r3, [r7, #16]
 147              		.loc 1 18 59
 148 00a0 FB7F     		ldrb	r3, [r7, #31]	@ zero_extendqisi2
  14:Core/w5500_run.c ****         .mac = {mac[0], mac[1], mac[2], mac[3], mac[4], mac[5]},
 149              		.loc 1 14 17
 150 00a2 7B74     		strb	r3, [r7, #17]
  19:Core/w5500_run.c ****         .dns = {dns[0], dns[1], dns[2], dns[3]}
 151              		.loc 1 19 20
 152 00a4 3B7E     		ldrb	r3, [r7, #24]	@ zero_extendqisi2
  14:Core/w5500_run.c ****         .mac = {mac[0], mac[1], mac[2], mac[3], mac[4], mac[5]},
 153              		.loc 1 14 17
 154 00a6 BB74     		strb	r3, [r7, #18]
 155              		.loc 1 19 28
 156 00a8 7B7E     		ldrb	r3, [r7, #25]	@ zero_extendqisi2
  14:Core/w5500_run.c ****         .mac = {mac[0], mac[1], mac[2], mac[3], mac[4], mac[5]},
 157              		.loc 1 14 17
 158 00aa FB74     		strb	r3, [r7, #19]
 159              		.loc 1 19 36
 160 00ac BB7E     		ldrb	r3, [r7, #26]	@ zero_extendqisi2
  14:Core/w5500_run.c ****         .mac = {mac[0], mac[1], mac[2], mac[3], mac[4], mac[5]},
 161              		.loc 1 14 17
 162 00ae 3B75     		strb	r3, [r7, #20]
 163              		.loc 1 19 44
 164 00b0 FB7E     		ldrb	r3, [r7, #27]	@ zero_extendqisi2
  14:Core/w5500_run.c ****         .mac = {mac[0], mac[1], mac[2], mac[3], mac[4], mac[5]},
 165              		.loc 1 14 17
 166 00b2 7B75     		strb	r3, [r7, #21]
  20:Core/w5500_run.c ****     };
  21:Core/w5500_run.c ****     
  22:Core/w5500_run.c ****     static_host_configuration(netInfo.mac, netInfo.ip, netInfo.sn, netInfo.gw, netInfo.dns);
 167              		.loc 1 22 5
 168 00b4 3B46     		mov	r3, r7
 169 00b6 03F10E04 		add	r4, r3, #14
 170 00ba 3B46     		mov	r3, r7
 171 00bc 03F10A02 		add	r2, r3, #10
 172 00c0 3B46     		mov	r3, r7
 173 00c2 991D     		adds	r1, r3, #6
 174 00c4 3846     		mov	r0, r7
 175 00c6 3B46     		mov	r3, r7
 176 00c8 1233     		adds	r3, r3, #18
 177 00ca 0093     		str	r3, [sp]
 178 00cc 2346     		mov	r3, r4
 179 00ce FFF7FEFF 		bl	static_host_configuration
  23:Core/w5500_run.c ****     // dynamic_host_configuration(netInfo.mac);
  24:Core/w5500_run.c **** 
  25:Core/w5500_run.c ****     check_cable_presence();
 180              		.loc 1 25 5
 181 00d2 FFF7FEFF 		bl	check_cable_presence
ARM GAS  C:\Users\clay0\AppData\Local\Temp\ccQzdYqd.s 			page 5


  26:Core/w5500_run.c **** 
  27:Core/w5500_run.c ****     check_phy_status();
 182              		.loc 1 27 5
 183 00d6 FFF7FEFF 		bl	check_phy_status
  28:Core/w5500_run.c **** 
  29:Core/w5500_run.c ****     blink_run(50);
 184              		.loc 1 29 5
 185 00da 3220     		movs	r0, #50
 186 00dc FFF7FEFF 		bl	blink_run
  30:Core/w5500_run.c ****     // print_current_host_configuration();
  31:Core/w5500_run.c **** 
  32:Core/w5500_run.c **** }
 187              		.loc 1 32 1
 188 00e0 00BF     		nop
 189 00e2 3437     		adds	r7, r7, #52
 190              	.LCFI3:
 191              		.cfi_def_cfa_offset 12
 192 00e4 BD46     		mov	sp, r7
 193              	.LCFI4:
 194              		.cfi_def_cfa_register 13
 195              		@ sp needed
 196 00e6 90BD     		pop	{r4, r7, pc}
 197              	.L3:
 198              		.align	2
 199              	.L2:
 200 00e8 00000000 		.word	.LC0
 201 00ec C0A80164 		.word	1677830336
 202 00f0 C0A80101 		.word	16885952
 203              		.cfi_endproc
 204              	.LFE135:
 206              		.section	.text.udp_init,"ax",%progbits
 207              		.align	1
 208              		.global	udp_init
 209              		.syntax unified
 210              		.thumb
 211              		.thumb_func
 213              	udp_init:
 214              	.LFB136:
  33:Core/w5500_run.c **** void udp_init(uint8_t sct, uint16_t local_port)
  34:Core/w5500_run.c **** {
 215              		.loc 1 34 1
 216              		.cfi_startproc
 217              		@ args = 0, pretend = 0, frame = 8
 218              		@ frame_needed = 1, uses_anonymous_args = 0
 219 0000 80B5     		push	{r7, lr}
 220              	.LCFI5:
 221              		.cfi_def_cfa_offset 8
 222              		.cfi_offset 7, -8
 223              		.cfi_offset 14, -4
 224 0002 82B0     		sub	sp, sp, #8
 225              	.LCFI6:
 226              		.cfi_def_cfa_offset 16
 227 0004 00AF     		add	r7, sp, #0
 228              	.LCFI7:
 229              		.cfi_def_cfa_register 7
 230 0006 0346     		mov	r3, r0
 231 0008 0A46     		mov	r2, r1
ARM GAS  C:\Users\clay0\AppData\Local\Temp\ccQzdYqd.s 			page 6


 232 000a FB71     		strb	r3, [r7, #7]
 233 000c 1346     		mov	r3, r2	@ movhi
 234 000e BB80     		strh	r3, [r7, #4]	@ movhi
  35:Core/w5500_run.c ****     socket(sct, Sn_MR_UDP, local_port, 0);
 235              		.loc 1 35 5
 236 0010 BA88     		ldrh	r2, [r7, #4]
 237 0012 F879     		ldrb	r0, [r7, #7]	@ zero_extendqisi2
 238 0014 0023     		movs	r3, #0
 239 0016 0221     		movs	r1, #2
 240 0018 FFF7FEFF 		bl	socket
  36:Core/w5500_run.c **** }...
 241              		.loc 1 36 1
 242 001c 00BF     		nop
 243 001e 0837     		adds	r7, r7, #8
 244              	.LCFI8:
 245              		.cfi_def_cfa_offset 8
 246 0020 BD46     		mov	sp, r7
 247              	.LCFI9:
 248              		.cfi_def_cfa_register 13
 249              		@ sp needed
 250 0022 80BD     		pop	{r7, pc}
 251              		.cfi_endproc
 252              	.LFE136:
 254              		.text
 255              	.Letext0:
 256              		.file 2 "d:\\gcc arm\\10 2021.10\\arm-none-eabi\\include\\machine\\_default_types.h"
 257              		.file 3 "d:\\gcc arm\\10 2021.10\\arm-none-eabi\\include\\sys\\_stdint.h"
 258              		.file 4 "ioLIB/wizchip_conf.h"
ARM GAS  C:\Users\clay0\AppData\Local\Temp\ccQzdYqd.s 			page 7


DEFINED SYMBOLS
                            *ABS*:00000000 w5500_run.c
C:\Users\clay0\AppData\Local\Temp\ccQzdYqd.s:20     .rodata:00000000 $d
C:\Users\clay0\AppData\Local\Temp\ccQzdYqd.s:24     .text.w5500_network_init:00000000 $t
C:\Users\clay0\AppData\Local\Temp\ccQzdYqd.s:30     .text.w5500_network_init:00000000 w5500_network_init
C:\Users\clay0\AppData\Local\Temp\ccQzdYqd.s:200    .text.w5500_network_init:000000e8 $d
C:\Users\clay0\AppData\Local\Temp\ccQzdYqd.s:207    .text.udp_init:00000000 $t
C:\Users\clay0\AppData\Local\Temp\ccQzdYqd.s:213    .text.udp_init:00000000 udp_init

UNDEFINED SYMBOLS
w5500_init
static_host_configuration
check_cable_presence
check_phy_status
blink_run
socket
